2020-08-31 13:20:22 DEBUG (7): onBeforeClientLogin: array (
  'email' => 'timothy@webbhostingservices.com',
  'password' => '987Um098',
  'remember' => 'on',
  'ip' => '66.169.61.212',
)
2020-08-31 13:20:22 DEBUG (7): onAfterClientLogin: array (
  'id' => '7',
  'ip' => '66.169.61.212',
)
2020-08-31 13:20:22 INFO (6): Client #7 logged in
2020-08-31 13:20:45 DEBUG (7): onBeforeAdminLogin: array (
  'email' => 'webmaster@webbhostingservices.com',
  'password' => 'Mju7Cft6',
  'ip' => '66.169.61.212',
)
2020-08-31 13:20:45 DEBUG (7): onAfterAdminLogin: array (
  'id' => '1',
  'ip' => '66.169.61.212',
)
2020-08-31 13:20:45 INFO (6): Staff member 1 logged in
2020-08-31 15:24:54 INFO (6): Logged in as client #14
