[31-Aug-2020 12:21:26 UTC] 8192 Function get_magic_quotes_gpc() is deprecated /var/www/vhosts/webbhostingservices.com/httpdocs/boxbilling/bb-load.php 141
[31-Aug-2020 12:21:26 UTC] PHP Deprecated:  Function get_magic_quotes_gpc() is deprecated in /var/www/vhosts/webbhostingservices.com/httpdocs/boxbilling/bb-load.php on line 141
[31-Aug-2020 12:21:26 UTC] 8192 Array and string offset access syntax with curly braces is deprecated /var/www/vhosts/webbhostingservices.com/httpdocs/boxbilling/bb-modules/Theme/Service.php 279
[31-Aug-2020 12:21:26 UTC] PHP Deprecated:  Array and string offset access syntax with curly braces is deprecated in /var/www/vhosts/webbhostingservices.com/httpdocs/boxbilling/bb-modules/Theme/Service.php on line 279
[31-Aug-2020 12:21:26 UTC] 8192 Function get_magic_quotes_gpc() is deprecated /var/www/vhosts/webbhostingservices.com/httpdocs/boxbilling/bb-load.php 141
[31-Aug-2020 12:21:26 UTC] PHP Deprecated:  Function get_magic_quotes_gpc() is deprecated in /var/www/vhosts/webbhostingservices.com/httpdocs/boxbilling/bb-load.php on line 141
[31-Aug-2020 12:21:26 UTC] 8192 Array and string offset access syntax with curly braces is deprecated /var/www/vhosts/webbhostingservices.com/httpdocs/boxbilling/bb-modules/Theme/Service.php 279
[31-Aug-2020 12:21:26 UTC] PHP Deprecated:  Array and string offset access syntax with curly braces is deprecated in /var/www/vhosts/webbhostingservices.com/httpdocs/boxbilling/bb-modules/Theme/Service.php on line 279
[31-Aug-2020 12:21:26 UTC] 8192 Function get_magic_quotes_gpc() is deprecated /var/www/vhosts/webbhostingservices.com/httpdocs/boxbilling/bb-load.php 141
[31-Aug-2020 12:21:26 UTC] PHP Deprecated:  Function get_magic_quotes_gpc() is deprecated in /var/www/vhosts/webbhostingservices.com/httpdocs/boxbilling/bb-load.php on line 141
[31-Aug-2020 12:21:26 UTC] 8192 Array and string offset access syntax with curly braces is deprecated /var/www/vhosts/webbhostingservices.com/httpdocs/boxbilling/bb-modules/Theme/Service.php 279
[31-Aug-2020 12:21:26 UTC] PHP Deprecated:  Array and string offset access syntax with curly braces is deprecated in /var/www/vhosts/webbhostingservices.com/httpdocs/boxbilling/bb-modules/Theme/Service.php on line 279
[31-Aug-2020 12:25:01 UTC] PHP Parse error:  syntax error, unexpected 'class' (T_CLASS), expecting identifier (T_STRING) or variable (T_VARIABLE) or '{' or '$' in /var/www/vhosts/webbhostingservices.com/httpdocs/boxbilling/bb-di.php on line 153
[31-Aug-2020 12:30:01 UTC] PHP Parse error:  syntax error, unexpected 'class' (T_CLASS), expecting identifier (T_STRING) or variable (T_VARIABLE) or '{' or '$' in /var/www/vhosts/webbhostingservices.com/httpdocs/boxbilling/bb-di.php on line 153
[31-Aug-2020 12:35:01 UTC] PHP Parse error:  syntax error, unexpected 'class' (T_CLASS), expecting identifier (T_STRING) or variable (T_VARIABLE) or '{' or '$' in /var/www/vhosts/webbhostingservices.com/httpdocs/boxbilling/bb-di.php on line 153
[31-Aug-2020 12:40:01 UTC] PHP Parse error:  syntax error, unexpected 'class' (T_CLASS), expecting identifier (T_STRING) or variable (T_VARIABLE) or '{' or '$' in /var/www/vhosts/webbhostingservices.com/httpdocs/boxbilling/bb-di.php on line 153
[31-Aug-2020 12:45:01 UTC] PHP Parse error:  syntax error, unexpected 'class' (T_CLASS), expecting identifier (T_STRING) or variable (T_VARIABLE) or '{' or '$' in /var/www/vhosts/webbhostingservices.com/httpdocs/boxbilling/bb-di.php on line 153
[31-Aug-2020 12:50:01 UTC] PHP Parse error:  syntax error, unexpected 'class' (T_CLASS), expecting identifier (T_STRING) or variable (T_VARIABLE) or '{' or '$' in /var/www/vhosts/webbhostingservices.com/httpdocs/boxbilling/bb-di.php on line 153
[31-Aug-2020 12:55:01 UTC] PHP Parse error:  syntax error, unexpected 'class' (T_CLASS), expecting identifier (T_STRING) or variable (T_VARIABLE) or '{' or '$' in /var/www/vhosts/webbhostingservices.com/httpdocs/boxbilling/bb-di.php on line 153
[31-Aug-2020 13:00:01 UTC] PHP Parse error:  syntax error, unexpected 'class' (T_CLASS), expecting identifier (T_STRING) or variable (T_VARIABLE) or '{' or '$' in /var/www/vhosts/webbhostingservices.com/httpdocs/boxbilling/bb-di.php on line 153
[31-Aug-2020 13:05:01 UTC] PHP Parse error:  syntax error, unexpected 'class' (T_CLASS), expecting identifier (T_STRING) or variable (T_VARIABLE) or '{' or '$' in /var/www/vhosts/webbhostingservices.com/httpdocs/boxbilling/bb-di.php on line 153
[31-Aug-2020 13:10:01 UTC] PHP Parse error:  syntax error, unexpected 'class' (T_CLASS), expecting identifier (T_STRING) or variable (T_VARIABLE) or '{' or '$' in /var/www/vhosts/webbhostingservices.com/httpdocs/boxbilling/bb-di.php on line 153
[31-Aug-2020 13:15:01 UTC] PHP Parse error:  syntax error, unexpected 'class' (T_CLASS), expecting identifier (T_STRING) or variable (T_VARIABLE) or '{' or '$' in /var/www/vhosts/webbhostingservices.com/httpdocs/boxbilling/bb-di.php on line 153
[31-Aug-2020 13:17:11 UTC] 8192 Function get_magic_quotes_gpc() is deprecated /var/www/vhosts/webbhostingservices.com/httpdocs/boxbilling/bb-load.php 141
[31-Aug-2020 13:17:11 UTC] PHP Deprecated:  Function get_magic_quotes_gpc() is deprecated in /var/www/vhosts/webbhostingservices.com/httpdocs/boxbilling/bb-load.php on line 141
[31-Aug-2020 13:20:01 UTC] PHP Parse error:  syntax error, unexpected 'class' (T_CLASS), expecting identifier (T_STRING) or variable (T_VARIABLE) or '{' or '$' in /var/www/vhosts/webbhostingservices.com/httpdocs/boxbilling/bb-di.php on line 153
[31-Aug-2020 13:20:22 UTC] 
[31-Aug-2020 13:20:22 UTC] 8 Trying to access array offset on value of type null /var/www/vhosts/webbhostingservices.com/httpdocs/boxbilling/bb-library/Box/Log.php 123
[31-Aug-2020 13:20:22 UTC] PHP Notice:  Trying to access array offset on value of type null in /var/www/vhosts/webbhostingservices.com/httpdocs/boxbilling/bb-library/Box/Log.php on line 123
[31-Aug-2020 13:20:22 UTC] 8 Trying to access array offset on value of type null /var/www/vhosts/webbhostingservices.com/httpdocs/boxbilling/bb-library/Box/Log.php 123
[31-Aug-2020 13:20:22 UTC] PHP Notice:  Trying to access array offset on value of type null in /var/www/vhosts/webbhostingservices.com/httpdocs/boxbilling/bb-library/Box/Log.php on line 123
[31-Aug-2020 13:20:22 UTC] 8 Trying to access array offset on value of type null /var/www/vhosts/webbhostingservices.com/httpdocs/boxbilling/bb-library/Box/Log.php 123
[31-Aug-2020 13:20:22 UTC] PHP Notice:  Trying to access array offset on value of type null in /var/www/vhosts/webbhostingservices.com/httpdocs/boxbilling/bb-library/Box/Log.php on line 123
[31-Aug-2020 13:20:22 UTC] 8 Trying to access array offset on value of type null /var/www/vhosts/webbhostingservices.com/httpdocs/boxbilling/bb-library/Box/Log.php 123
[31-Aug-2020 13:20:22 UTC] PHP Notice:  Trying to access array offset on value of type null in /var/www/vhosts/webbhostingservices.com/httpdocs/boxbilling/bb-library/Box/Log.php on line 123
[31-Aug-2020 13:20:22 UTC] 8 Trying to access array offset on value of type null /var/www/vhosts/webbhostingservices.com/httpdocs/boxbilling/bb-library/Box/Log.php 123
[31-Aug-2020 13:20:22 UTC] PHP Notice:  Trying to access array offset on value of type null in /var/www/vhosts/webbhostingservices.com/httpdocs/boxbilling/bb-library/Box/Log.php on line 123
[31-Aug-2020 13:20:22 UTC] 8 Trying to access array offset on value of type null /var/www/vhosts/webbhostingservices.com/httpdocs/boxbilling/bb-library/Box/Log.php 123
[31-Aug-2020 13:20:22 UTC] PHP Notice:  Trying to access array offset on value of type null in /var/www/vhosts/webbhostingservices.com/httpdocs/boxbilling/bb-library/Box/Log.php on line 123
[31-Aug-2020 13:20:45 UTC] 8 Trying to access array offset on value of type null /var/www/vhosts/webbhostingservices.com/httpdocs/boxbilling/bb-library/Box/Log.php 123
[31-Aug-2020 13:20:45 UTC] PHP Notice:  Trying to access array offset on value of type null in /var/www/vhosts/webbhostingservices.com/httpdocs/boxbilling/bb-library/Box/Log.php on line 123
[31-Aug-2020 13:20:45 UTC] 8 Trying to access array offset on value of type null /var/www/vhosts/webbhostingservices.com/httpdocs/boxbilling/bb-library/Box/Log.php 123
[31-Aug-2020 13:20:45 UTC] PHP Notice:  Trying to access array offset on value of type null in /var/www/vhosts/webbhostingservices.com/httpdocs/boxbilling/bb-library/Box/Log.php on line 123
[31-Aug-2020 13:20:45 UTC] 8 Trying to access array offset on value of type null /var/www/vhosts/webbhostingservices.com/httpdocs/boxbilling/bb-library/Box/Log.php 123
[31-Aug-2020 13:20:45 UTC] PHP Notice:  Trying to access array offset on value of type null in /var/www/vhosts/webbhostingservices.com/httpdocs/boxbilling/bb-library/Box/Log.php on line 123
[31-Aug-2020 13:20:45 UTC] 8 Trying to access array offset on value of type null /var/www/vhosts/webbhostingservices.com/httpdocs/boxbilling/bb-library/Box/Log.php 123
[31-Aug-2020 13:20:45 UTC] PHP Notice:  Trying to access array offset on value of type null in /var/www/vhosts/webbhostingservices.com/httpdocs/boxbilling/bb-library/Box/Log.php on line 123
[31-Aug-2020 13:20:45 UTC] 8 Trying to access array offset on value of type null /var/www/vhosts/webbhostingservices.com/httpdocs/boxbilling/bb-library/Box/Log.php 123
[31-Aug-2020 13:20:45 UTC] PHP Notice:  Trying to access array offset on value of type null in /var/www/vhosts/webbhostingservices.com/httpdocs/boxbilling/bb-library/Box/Log.php on line 123
[31-Aug-2020 13:20:45 UTC] 8 Trying to access array offset on value of type null /var/www/vhosts/webbhostingservices.com/httpdocs/boxbilling/bb-library/Box/Log.php 123
[31-Aug-2020 13:20:45 UTC] PHP Notice:  Trying to access array offset on value of type null in /var/www/vhosts/webbhostingservices.com/httpdocs/boxbilling/bb-library/Box/Log.php on line 123
[31-Aug-2020 13:25:01 UTC] PHP Parse error:  syntax error, unexpected 'class' (T_CLASS), expecting identifier (T_STRING) or variable (T_VARIABLE) or '{' or '$' in /var/www/vhosts/webbhostingservices.com/httpdocs/boxbilling/bb-di.php on line 153
[31-Aug-2020 13:27:41 UTC] 8192 Array and string offset access syntax with curly braces is deprecated /var/www/vhosts/webbhostingservices.com/httpdocs/boxbilling/bb-modules/Theme/Service.php 279
[31-Aug-2020 13:27:41 UTC] PHP Deprecated:  Array and string offset access syntax with curly braces is deprecated in /var/www/vhosts/webbhostingservices.com/httpdocs/boxbilling/bb-modules/Theme/Service.php on line 279
[31-Aug-2020 13:27:42 UTC] 8192 Array and string offset access syntax with curly braces is deprecated /var/www/vhosts/webbhostingservices.com/httpdocs/boxbilling/bb-modules/Theme/Service.php 279
[31-Aug-2020 13:27:42 UTC] PHP Deprecated:  Array and string offset access syntax with curly braces is deprecated in /var/www/vhosts/webbhostingservices.com/httpdocs/boxbilling/bb-modules/Theme/Service.php on line 279
[31-Aug-2020 13:27:54 UTC] 8192 Array and string offset access syntax with curly braces is deprecated /var/www/vhosts/webbhostingservices.com/httpdocs/boxbilling/bb-modules/Theme/Service.php 279
[31-Aug-2020 13:27:54 UTC] PHP Deprecated:  Array and string offset access syntax with curly braces is deprecated in /var/www/vhosts/webbhostingservices.com/httpdocs/boxbilling/bb-modules/Theme/Service.php on line 279
[31-Aug-2020 13:27:54 UTC] 8192 Array and string offset access syntax with curly braces is deprecated /var/www/vhosts/webbhostingservices.com/httpdocs/boxbilling/bb-modules/Theme/Service.php 279
[31-Aug-2020 13:27:54 UTC] PHP Deprecated:  Array and string offset access syntax with curly braces is deprecated in /var/www/vhosts/webbhostingservices.com/httpdocs/boxbilling/bb-modules/Theme/Service.php on line 279
[31-Aug-2020 13:28:44 UTC] 8192 Array and string offset access syntax with curly braces is deprecated /var/www/vhosts/webbhostingservices.com/httpdocs/boxbilling/bb-modules/Theme/Service.php 279
[31-Aug-2020 13:28:44 UTC] PHP Deprecated:  Array and string offset access syntax with curly braces is deprecated in /var/www/vhosts/webbhostingservices.com/httpdocs/boxbilling/bb-modules/Theme/Service.php on line 279
[31-Aug-2020 13:28:44 UTC] 8192 Array and string offset access syntax with curly braces is deprecated /var/www/vhosts/webbhostingservices.com/httpdocs/boxbilling/bb-modules/Theme/Service.php 279
[31-Aug-2020 13:28:44 UTC] PHP Deprecated:  Array and string offset access syntax with curly braces is deprecated in /var/www/vhosts/webbhostingservices.com/httpdocs/boxbilling/bb-modules/Theme/Service.php on line 279
[31-Aug-2020 13:28:54 UTC] 8192 Array and string offset access syntax with curly braces is deprecated /var/www/vhosts/webbhostingservices.com/httpdocs/boxbilling/bb-modules/Theme/Service.php 279
[31-Aug-2020 13:28:54 UTC] PHP Deprecated:  Array and string offset access syntax with curly braces is deprecated in /var/www/vhosts/webbhostingservices.com/httpdocs/boxbilling/bb-modules/Theme/Service.php on line 279
[31-Aug-2020 13:28:54 UTC] 8192 Array and string offset access syntax with curly braces is deprecated /var/www/vhosts/webbhostingservices.com/httpdocs/boxbilling/bb-modules/Theme/Service.php 279
[31-Aug-2020 13:28:54 UTC] PHP Deprecated:  Array and string offset access syntax with curly braces is deprecated in /var/www/vhosts/webbhostingservices.com/httpdocs/boxbilling/bb-modules/Theme/Service.php on line 279
[31-Aug-2020 13:29:01 UTC] 8192 Array and string offset access syntax with curly braces is deprecated /var/www/vhosts/webbhostingservices.com/httpdocs/boxbilling/bb-modules/Theme/Service.php 279
[31-Aug-2020 13:29:01 UTC] PHP Deprecated:  Array and string offset access syntax with curly braces is deprecated in /var/www/vhosts/webbhostingservices.com/httpdocs/boxbilling/bb-modules/Theme/Service.php on line 279
[31-Aug-2020 13:29:01 UTC] 8192 Array and string offset access syntax with curly braces is deprecated /var/www/vhosts/webbhostingservices.com/httpdocs/boxbilling/bb-modules/Theme/Service.php 279
[31-Aug-2020 13:29:01 UTC] PHP Deprecated:  Array and string offset access syntax with curly braces is deprecated in /var/www/vhosts/webbhostingservices.com/httpdocs/boxbilling/bb-modules/Theme/Service.php on line 279
[31-Aug-2020 13:29:04 UTC] 8192 Array and string offset access syntax with curly braces is deprecated /var/www/vhosts/webbhostingservices.com/httpdocs/boxbilling/bb-modules/Theme/Service.php 279
[31-Aug-2020 13:29:04 UTC] PHP Deprecated:  Array and string offset access syntax with curly braces is deprecated in /var/www/vhosts/webbhostingservices.com/httpdocs/boxbilling/bb-modules/Theme/Service.php on line 279
[31-Aug-2020 13:29:04 UTC] 8192 Array and string offset access syntax with curly braces is deprecated /var/www/vhosts/webbhostingservices.com/httpdocs/boxbilling/bb-modules/Theme/Service.php 279
[31-Aug-2020 13:29:04 UTC] PHP Deprecated:  Array and string offset access syntax with curly braces is deprecated in /var/www/vhosts/webbhostingservices.com/httpdocs/boxbilling/bb-modules/Theme/Service.php on line 279
[31-Aug-2020 13:29:06 UTC] 8192 Array and string offset access syntax with curly braces is deprecated /var/www/vhosts/webbhostingservices.com/httpdocs/boxbilling/bb-modules/Theme/Service.php 279
[31-Aug-2020 13:29:06 UTC] PHP Deprecated:  Array and string offset access syntax with curly braces is deprecated in /var/www/vhosts/webbhostingservices.com/httpdocs/boxbilling/bb-modules/Theme/Service.php on line 279
[31-Aug-2020 13:29:07 UTC] 8192 Array and string offset access syntax with curly braces is deprecated /var/www/vhosts/webbhostingservices.com/httpdocs/boxbilling/bb-modules/Theme/Service.php 279
[31-Aug-2020 13:29:07 UTC] PHP Deprecated:  Array and string offset access syntax with curly braces is deprecated in /var/www/vhosts/webbhostingservices.com/httpdocs/boxbilling/bb-modules/Theme/Service.php on line 279
[31-Aug-2020 13:29:08 UTC] 8192 Array and string offset access syntax with curly braces is deprecated /var/www/vhosts/webbhostingservices.com/httpdocs/boxbilling/bb-modules/Theme/Service.php 279
[31-Aug-2020 13:29:08 UTC] PHP Deprecated:  Array and string offset access syntax with curly braces is deprecated in /var/www/vhosts/webbhostingservices.com/httpdocs/boxbilling/bb-modules/Theme/Service.php on line 279
[31-Aug-2020 13:29:08 UTC] 8192 Array and string offset access syntax with curly braces is deprecated /var/www/vhosts/webbhostingservices.com/httpdocs/boxbilling/bb-modules/Theme/Service.php 279
[31-Aug-2020 13:29:08 UTC] PHP Deprecated:  Array and string offset access syntax with curly braces is deprecated in /var/www/vhosts/webbhostingservices.com/httpdocs/boxbilling/bb-modules/Theme/Service.php on line 279
[31-Aug-2020 13:29:11 UTC] 8192 Array and string offset access syntax with curly braces is deprecated /var/www/vhosts/webbhostingservices.com/httpdocs/boxbilling/bb-modules/Theme/Service.php 279
[31-Aug-2020 13:29:11 UTC] PHP Deprecated:  Array and string offset access syntax with curly braces is deprecated in /var/www/vhosts/webbhostingservices.com/httpdocs/boxbilling/bb-modules/Theme/Service.php on line 279
[31-Aug-2020 13:29:12 UTC] 8192 Array and string offset access syntax with curly braces is deprecated /var/www/vhosts/webbhostingservices.com/httpdocs/boxbilling/bb-modules/Theme/Service.php 279
[31-Aug-2020 13:29:12 UTC] PHP Deprecated:  Array and string offset access syntax with curly braces is deprecated in /var/www/vhosts/webbhostingservices.com/httpdocs/boxbilling/bb-modules/Theme/Service.php on line 279
[31-Aug-2020 13:29:13 UTC] 8192 Array and string offset access syntax with curly braces is deprecated /var/www/vhosts/webbhostingservices.com/httpdocs/boxbilling/bb-modules/Theme/Service.php 279
[31-Aug-2020 13:29:13 UTC] PHP Deprecated:  Array and string offset access syntax with curly braces is deprecated in /var/www/vhosts/webbhostingservices.com/httpdocs/boxbilling/bb-modules/Theme/Service.php on line 279
[31-Aug-2020 13:29:13 UTC] 8192 Array and string offset access syntax with curly braces is deprecated /var/www/vhosts/webbhostingservices.com/httpdocs/boxbilling/bb-vendor/michelf/php-markdown/Michelf/MarkdownExtra.php 209
[31-Aug-2020 13:29:13 UTC] PHP Deprecated:  Array and string offset access syntax with curly braces is deprecated in /var/www/vhosts/webbhostingservices.com/httpdocs/boxbilling/bb-vendor/michelf/php-markdown/Michelf/MarkdownExtra.php on line 209
[31-Aug-2020 13:29:13 UTC] 8192 Array and string offset access syntax with curly braces is deprecated /var/www/vhosts/webbhostingservices.com/httpdocs/boxbilling/bb-vendor/michelf/php-markdown/Michelf/MarkdownExtra.php 211
[31-Aug-2020 13:29:13 UTC] PHP Deprecated:  Array and string offset access syntax with curly braces is deprecated in /var/www/vhosts/webbhostingservices.com/httpdocs/boxbilling/bb-vendor/michelf/php-markdown/Michelf/MarkdownExtra.php on line 211
[31-Aug-2020 13:29:13 UTC] 8192 Array and string offset access syntax with curly braces is deprecated /var/www/vhosts/webbhostingservices.com/httpdocs/boxbilling/bb-vendor/michelf/php-markdown/Michelf/MarkdownExtra.php 505
[31-Aug-2020 13:29:13 UTC] PHP Deprecated:  Array and string offset access syntax with curly braces is deprecated in /var/www/vhosts/webbhostingservices.com/httpdocs/boxbilling/bb-vendor/michelf/php-markdown/Michelf/MarkdownExtra.php on line 505
[31-Aug-2020 13:29:13 UTC] 8192 Array and string offset access syntax with curly braces is deprecated /var/www/vhosts/webbhostingservices.com/httpdocs/boxbilling/bb-vendor/michelf/php-markdown/Michelf/MarkdownExtra.php 505
[31-Aug-2020 13:29:13 UTC] PHP Deprecated:  Array and string offset access syntax with curly braces is deprecated in /var/www/vhosts/webbhostingservices.com/httpdocs/boxbilling/bb-vendor/michelf/php-markdown/Michelf/MarkdownExtra.php on line 505
[31-Aug-2020 13:29:13 UTC] 8192 Array and string offset access syntax with curly braces is deprecated /var/www/vhosts/webbhostingservices.com/httpdocs/boxbilling/bb-vendor/michelf/php-markdown/Michelf/MarkdownExtra.php 512
[31-Aug-2020 13:29:13 UTC] PHP Deprecated:  Array and string offset access syntax with curly braces is deprecated in /var/www/vhosts/webbhostingservices.com/httpdocs/boxbilling/bb-vendor/michelf/php-markdown/Michelf/MarkdownExtra.php on line 512
[31-Aug-2020 13:29:13 UTC] 8192 Array and string offset access syntax with curly braces is deprecated /var/www/vhosts/webbhostingservices.com/httpdocs/boxbilling/bb-vendor/michelf/php-markdown/Michelf/MarkdownExtra.php 546
[31-Aug-2020 13:29:13 UTC] PHP Deprecated:  Array and string offset access syntax with curly braces is deprecated in /var/www/vhosts/webbhostingservices.com/httpdocs/boxbilling/bb-vendor/michelf/php-markdown/Michelf/MarkdownExtra.php on line 546
[31-Aug-2020 13:29:13 UTC] 8192 Array and string offset access syntax with curly braces is deprecated /var/www/vhosts/webbhostingservices.com/httpdocs/boxbilling/bb-vendor/michelf/php-markdown/Michelf/MarkdownExtra.php 546
[31-Aug-2020 13:29:13 UTC] PHP Deprecated:  Array and string offset access syntax with curly braces is deprecated in /var/www/vhosts/webbhostingservices.com/httpdocs/boxbilling/bb-vendor/michelf/php-markdown/Michelf/MarkdownExtra.php on line 546
[31-Aug-2020 13:29:13 UTC] 8192 Array and string offset access syntax with curly braces is deprecated /var/www/vhosts/webbhostingservices.com/httpdocs/boxbilling/bb-vendor/michelf/php-markdown/Michelf/MarkdownExtra.php 561
[31-Aug-2020 13:29:13 UTC] PHP Deprecated:  Array and string offset access syntax with curly braces is deprecated in /var/www/vhosts/webbhostingservices.com/httpdocs/boxbilling/bb-vendor/michelf/php-markdown/Michelf/MarkdownExtra.php on line 561
[31-Aug-2020 13:29:13 UTC] 8192 Array and string offset access syntax with curly braces is deprecated /var/www/vhosts/webbhostingservices.com/httpdocs/boxbilling/bb-vendor/michelf/php-markdown/Michelf/MarkdownExtra.php 562
[31-Aug-2020 13:29:13 UTC] PHP Deprecated:  Array and string offset access syntax with curly braces is deprecated in /var/www/vhosts/webbhostingservices.com/httpdocs/boxbilling/bb-vendor/michelf/php-markdown/Michelf/MarkdownExtra.php on line 562
[31-Aug-2020 13:29:13 UTC] 8192 Array and string offset access syntax with curly braces is deprecated /var/www/vhosts/webbhostingservices.com/httpdocs/boxbilling/bb-vendor/michelf/php-markdown/Michelf/MarkdownExtra.php 661
[31-Aug-2020 13:29:13 UTC] PHP Deprecated:  Array and string offset access syntax with curly braces is deprecated in /var/www/vhosts/webbhostingservices.com/httpdocs/boxbilling/bb-vendor/michelf/php-markdown/Michelf/MarkdownExtra.php on line 661
[31-Aug-2020 13:29:13 UTC] 8192 Array and string offset access syntax with curly braces is deprecated /var/www/vhosts/webbhostingservices.com/httpdocs/boxbilling/bb-vendor/michelf/php-markdown/Michelf/MarkdownExtra.php 671
[31-Aug-2020 13:29:13 UTC] PHP Deprecated:  Array and string offset access syntax with curly braces is deprecated in /var/www/vhosts/webbhostingservices.com/httpdocs/boxbilling/bb-vendor/michelf/php-markdown/Michelf/MarkdownExtra.php on line 671
[31-Aug-2020 13:29:13 UTC] 8192 Array and string offset access syntax with curly braces is deprecated /var/www/vhosts/webbhostingservices.com/httpdocs/boxbilling/bb-vendor/michelf/php-markdown/Michelf/MarkdownExtra.php 671
[31-Aug-2020 13:29:13 UTC] PHP Deprecated:  Array and string offset access syntax with curly braces is deprecated in /var/www/vhosts/webbhostingservices.com/httpdocs/boxbilling/bb-vendor/michelf/php-markdown/Michelf/MarkdownExtra.php on line 671
[31-Aug-2020 13:29:13 UTC] 8192 Array and string offset access syntax with curly braces is deprecated /var/www/vhosts/webbhostingservices.com/httpdocs/boxbilling/bb-vendor/michelf/php-markdown/Michelf/MarkdownExtra.php 680
[31-Aug-2020 13:29:13 UTC] PHP Deprecated:  Array and string offset access syntax with curly braces is deprecated in /var/www/vhosts/webbhostingservices.com/httpdocs/boxbilling/bb-vendor/michelf/php-markdown/Michelf/MarkdownExtra.php on line 680
[31-Aug-2020 13:29:13 UTC] 8192 Array and string offset access syntax with curly braces is deprecated /var/www/vhosts/webbhostingservices.com/httpdocs/boxbilling/bb-vendor/michelf/php-markdown/Michelf/MarkdownExtra.php 681
[31-Aug-2020 13:29:13 UTC] PHP Deprecated:  Array and string offset access syntax with curly braces is deprecated in /var/www/vhosts/webbhostingservices.com/httpdocs/boxbilling/bb-vendor/michelf/php-markdown/Michelf/MarkdownExtra.php on line 681
[31-Aug-2020 13:29:13 UTC] 8192 Array and string offset access syntax with curly braces is deprecated /var/www/vhosts/webbhostingservices.com/httpdocs/boxbilling/bb-vendor/michelf/php-markdown/Michelf/MarkdownExtra.php 1068
[31-Aug-2020 13:29:13 UTC] PHP Deprecated:  Array and string offset access syntax with curly braces is deprecated in /var/www/vhosts/webbhostingservices.com/httpdocs/boxbilling/bb-vendor/michelf/php-markdown/Michelf/MarkdownExtra.php on line 1068
[31-Aug-2020 13:29:13 UTC] 8192 Array and string offset access syntax with curly braces is deprecated /var/www/vhosts/webbhostingservices.com/httpdocs/boxbilling/bb-vendor/michelf/php-markdown/Michelf/MarkdownExtra.php 1463
[31-Aug-2020 13:29:13 UTC] PHP Deprecated:  Array and string offset access syntax with curly braces is deprecated in /var/www/vhosts/webbhostingservices.com/httpdocs/boxbilling/bb-vendor/michelf/php-markdown/Michelf/MarkdownExtra.php on line 1463
[31-Aug-2020 13:29:13 UTC] 8192 Array and string offset access syntax with curly braces is deprecated /var/www/vhosts/webbhostingservices.com/httpdocs/boxbilling/bb-vendor/michelf/php-markdown/Michelf/Markdown.php 948
[31-Aug-2020 13:29:13 UTC] PHP Deprecated:  Array and string offset access syntax with curly braces is deprecated in /var/www/vhosts/webbhostingservices.com/httpdocs/boxbilling/bb-vendor/michelf/php-markdown/Michelf/Markdown.php on line 948
[31-Aug-2020 13:29:13 UTC] 8192 Array and string offset access syntax with curly braces is deprecated /var/www/vhosts/webbhostingservices.com/httpdocs/boxbilling/bb-vendor/michelf/php-markdown/Michelf/Markdown.php 1349
[31-Aug-2020 13:29:13 UTC] PHP Deprecated:  Array and string offset access syntax with curly braces is deprecated in /var/www/vhosts/webbhostingservices.com/httpdocs/boxbilling/bb-vendor/michelf/php-markdown/Michelf/Markdown.php on line 1349
[31-Aug-2020 13:29:13 UTC] 8192 Array and string offset access syntax with curly braces is deprecated /var/www/vhosts/webbhostingservices.com/httpdocs/boxbilling/bb-vendor/michelf/php-markdown/Michelf/Markdown.php 1374
[31-Aug-2020 13:29:13 UTC] PHP Deprecated:  Array and string offset access syntax with curly braces is deprecated in /var/www/vhosts/webbhostingservices.com/httpdocs/boxbilling/bb-vendor/michelf/php-markdown/Michelf/Markdown.php on line 1374
[31-Aug-2020 13:29:13 UTC] 8192 Array and string offset access syntax with curly braces is deprecated /var/www/vhosts/webbhostingservices.com/httpdocs/boxbilling/bb-vendor/michelf/php-markdown/Michelf/Markdown.php 1785
[31-Aug-2020 13:29:13 UTC] PHP Deprecated:  Array and string offset access syntax with curly braces is deprecated in /var/www/vhosts/webbhostingservices.com/httpdocs/boxbilling/bb-vendor/michelf/php-markdown/Michelf/Markdown.php on line 1785
[31-Aug-2020 13:29:13 UTC] 8192 Array and string offset access syntax with curly braces is deprecated /var/www/vhosts/webbhostingservices.com/httpdocs/boxbilling/bb-vendor/michelf/php-markdown/Michelf/Markdown.php 1787
[31-Aug-2020 13:29:13 UTC] PHP Deprecated:  Array and string offset access syntax with curly braces is deprecated in /var/www/vhosts/webbhostingservices.com/httpdocs/boxbilling/bb-vendor/michelf/php-markdown/Michelf/Markdown.php on line 1787
[31-Aug-2020 13:29:13 UTC] 8192 Array and string offset access syntax with curly braces is deprecated /var/www/vhosts/webbhostingservices.com/httpdocs/boxbilling/bb-modules/Theme/Service.php 279
[31-Aug-2020 13:29:13 UTC] PHP Deprecated:  Array and string offset access syntax with curly braces is deprecated in /var/www/vhosts/webbhostingservices.com/httpdocs/boxbilling/bb-modules/Theme/Service.php on line 279
[31-Aug-2020 13:30:02 UTC] PHP Parse error:  syntax error, unexpected 'class' (T_CLASS), expecting identifier (T_STRING) or variable (T_VARIABLE) or '{' or '$' in /var/www/vhosts/webbhostingservices.com/httpdocs/boxbilling/bb-di.php on line 153
[31-Aug-2020 13:30:20 UTC] 8192 Array and string offset access syntax with curly braces is deprecated /var/www/vhosts/webbhostingservices.com/httpdocs/boxbilling/bb-modules/Theme/Service.php 279
[31-Aug-2020 13:30:20 UTC] PHP Deprecated:  Array and string offset access syntax with curly braces is deprecated in /var/www/vhosts/webbhostingservices.com/httpdocs/boxbilling/bb-modules/Theme/Service.php on line 279
[31-Aug-2020 13:30:20 UTC] 8192 Array and string offset access syntax with curly braces is deprecated /var/www/vhosts/webbhostingservices.com/httpdocs/boxbilling/bb-modules/Theme/Service.php 279
[31-Aug-2020 13:30:20 UTC] PHP Deprecated:  Array and string offset access syntax with curly braces is deprecated in /var/www/vhosts/webbhostingservices.com/httpdocs/boxbilling/bb-modules/Theme/Service.php on line 279
[31-Aug-2020 13:30:22 UTC] 8192 Array and string offset access syntax with curly braces is deprecated /var/www/vhosts/webbhostingservices.com/httpdocs/boxbilling/bb-modules/Theme/Service.php 279
[31-Aug-2020 13:30:22 UTC] PHP Deprecated:  Array and string offset access syntax with curly braces is deprecated in /var/www/vhosts/webbhostingservices.com/httpdocs/boxbilling/bb-modules/Theme/Service.php on line 279
[31-Aug-2020 13:30:22 UTC] 8192 Array and string offset access syntax with curly braces is deprecated /var/www/vhosts/webbhostingservices.com/httpdocs/boxbilling/bb-modules/Theme/Service.php 279
[31-Aug-2020 13:30:22 UTC] PHP Deprecated:  Array and string offset access syntax with curly braces is deprecated in /var/www/vhosts/webbhostingservices.com/httpdocs/boxbilling/bb-modules/Theme/Service.php on line 279
[31-Aug-2020 13:30:23 UTC] 8192 Array and string offset access syntax with curly braces is deprecated /var/www/vhosts/webbhostingservices.com/httpdocs/boxbilling/bb-modules/Theme/Service.php 279
[31-Aug-2020 13:30:23 UTC] PHP Deprecated:  Array and string offset access syntax with curly braces is deprecated in /var/www/vhosts/webbhostingservices.com/httpdocs/boxbilling/bb-modules/Theme/Service.php on line 279
[31-Aug-2020 13:30:23 UTC] 8192 Array and string offset access syntax with curly braces is deprecated /var/www/vhosts/webbhostingservices.com/httpdocs/boxbilling/bb-modules/Theme/Service.php 279
[31-Aug-2020 13:30:23 UTC] PHP Deprecated:  Array and string offset access syntax with curly braces is deprecated in /var/www/vhosts/webbhostingservices.com/httpdocs/boxbilling/bb-modules/Theme/Service.php on line 279
[31-Aug-2020 13:30:25 UTC] 8192 Array and string offset access syntax with curly braces is deprecated /var/www/vhosts/webbhostingservices.com/httpdocs/boxbilling/bb-modules/Theme/Service.php 279
[31-Aug-2020 13:30:25 UTC] PHP Deprecated:  Array and string offset access syntax with curly braces is deprecated in /var/www/vhosts/webbhostingservices.com/httpdocs/boxbilling/bb-modules/Theme/Service.php on line 279
[31-Aug-2020 13:30:25 UTC] 8192 Array and string offset access syntax with curly braces is deprecated /var/www/vhosts/webbhostingservices.com/httpdocs/boxbilling/bb-vendor/michelf/php-markdown/Michelf/MarkdownExtra.php 209
[31-Aug-2020 13:30:25 UTC] PHP Deprecated:  Array and string offset access syntax with curly braces is deprecated in /var/www/vhosts/webbhostingservices.com/httpdocs/boxbilling/bb-vendor/michelf/php-markdown/Michelf/MarkdownExtra.php on line 209
[31-Aug-2020 13:30:25 UTC] 8192 Array and string offset access syntax with curly braces is deprecated /var/www/vhosts/webbhostingservices.com/httpdocs/boxbilling/bb-vendor/michelf/php-markdown/Michelf/MarkdownExtra.php 211
[31-Aug-2020 13:30:25 UTC] PHP Deprecated:  Array and string offset access syntax with curly braces is deprecated in /var/www/vhosts/webbhostingservices.com/httpdocs/boxbilling/bb-vendor/michelf/php-markdown/Michelf/MarkdownExtra.php on line 211
[31-Aug-2020 13:30:25 UTC] 8192 Array and string offset access syntax with curly braces is deprecated /var/www/vhosts/webbhostingservices.com/httpdocs/boxbilling/bb-vendor/michelf/php-markdown/Michelf/MarkdownExtra.php 505
[31-Aug-2020 13:30:25 UTC] PHP Deprecated:  Array and string offset access syntax with curly braces is deprecated in /var/www/vhosts/webbhostingservices.com/httpdocs/boxbilling/bb-vendor/michelf/php-markdown/Michelf/MarkdownExtra.php on line 505
[31-Aug-2020 13:30:25 UTC] 8192 Array and string offset access syntax with curly braces is deprecated /var/www/vhosts/webbhostingservices.com/httpdocs/boxbilling/bb-vendor/michelf/php-markdown/Michelf/MarkdownExtra.php 505
[31-Aug-2020 13:30:25 UTC] PHP Deprecated:  Array and string offset access syntax with curly braces is deprecated in /var/www/vhosts/webbhostingservices.com/httpdocs/boxbilling/bb-vendor/michelf/php-markdown/Michelf/MarkdownExtra.php on line 505
[31-Aug-2020 13:30:25 UTC] 8192 Array and string offset access syntax with curly braces is deprecated /var/www/vhosts/webbhostingservices.com/httpdocs/boxbilling/bb-vendor/michelf/php-markdown/Michelf/MarkdownExtra.php 512
[31-Aug-2020 13:30:25 UTC] PHP Deprecated:  Array and string offset access syntax with curly braces is deprecated in /var/www/vhosts/webbhostingservices.com/httpdocs/boxbilling/bb-vendor/michelf/php-markdown/Michelf/MarkdownExtra.php on line 512
[31-Aug-2020 13:30:25 UTC] 8192 Array and string offset access syntax with curly braces is deprecated /var/www/vhosts/webbhostingservices.com/httpdocs/boxbilling/bb-vendor/michelf/php-markdown/Michelf/MarkdownExtra.php 546
[31-Aug-2020 13:30:25 UTC] PHP Deprecated:  Array and string offset access syntax with curly braces is deprecated in /var/www/vhosts/webbhostingservices.com/httpdocs/boxbilling/bb-vendor/michelf/php-markdown/Michelf/MarkdownExtra.php on line 546
[31-Aug-2020 13:30:25 UTC] 8192 Array and string offset access syntax with curly braces is deprecated /var/www/vhosts/webbhostingservices.com/httpdocs/boxbilling/bb-vendor/michelf/php-markdown/Michelf/MarkdownExtra.php 546
[31-Aug-2020 13:30:25 UTC] PHP Deprecated:  Array and string offset access syntax with curly braces is deprecated in /var/www/vhosts/webbhostingservices.com/httpdocs/boxbilling/bb-vendor/michelf/php-markdown/Michelf/MarkdownExtra.php on line 546
[31-Aug-2020 13:30:25 UTC] 8192 Array and string offset access syntax with curly braces is deprecated /var/www/vhosts/webbhostingservices.com/httpdocs/boxbilling/bb-vendor/michelf/php-markdown/Michelf/MarkdownExtra.php 561
[31-Aug-2020 13:30:25 UTC] PHP Deprecated:  Array and string offset access syntax with curly braces is deprecated in /var/www/vhosts/webbhostingservices.com/httpdocs/boxbilling/bb-vendor/michelf/php-markdown/Michelf/MarkdownExtra.php on line 561
[31-Aug-2020 13:30:25 UTC] 8192 Array and string offset access syntax with curly braces is deprecated /var/www/vhosts/webbhostingservices.com/httpdocs/boxbilling/bb-vendor/michelf/php-markdown/Michelf/MarkdownExtra.php 562
[31-Aug-2020 13:30:25 UTC] PHP Deprecated:  Array and string offset access syntax with curly braces is deprecated in /var/www/vhosts/webbhostingservices.com/httpdocs/boxbilling/bb-vendor/michelf/php-markdown/Michelf/MarkdownExtra.php on line 562
[31-Aug-2020 13:30:25 UTC] 8192 Array and string offset access syntax with curly braces is deprecated /var/www/vhosts/webbhostingservices.com/httpdocs/boxbilling/bb-vendor/michelf/php-markdown/Michelf/MarkdownExtra.php 661
[31-Aug-2020 13:30:25 UTC] PHP Deprecated:  Array and string offset access syntax with curly braces is deprecated in /var/www/vhosts/webbhostingservices.com/httpdocs/boxbilling/bb-vendor/michelf/php-markdown/Michelf/MarkdownExtra.php on line 661
[31-Aug-2020 13:30:25 UTC] 8192 Array and string offset access syntax with curly braces is deprecated /var/www/vhosts/webbhostingservices.com/httpdocs/boxbilling/bb-vendor/michelf/php-markdown/Michelf/MarkdownExtra.php 671
[31-Aug-2020 13:30:25 UTC] PHP Deprecated:  Array and string offset access syntax with curly braces is deprecated in /var/www/vhosts/webbhostingservices.com/httpdocs/boxbilling/bb-vendor/michelf/php-markdown/Michelf/MarkdownExtra.php on line 671
[31-Aug-2020 13:30:25 UTC] 8192 Array and string offset access syntax with curly braces is deprecated /var/www/vhosts/webbhostingservices.com/httpdocs/boxbilling/bb-vendor/michelf/php-markdown/Michelf/MarkdownExtra.php 671
[31-Aug-2020 13:30:25 UTC] PHP Deprecated:  Array and string offset access syntax with curly braces is deprecated in /var/www/vhosts/webbhostingservices.com/httpdocs/boxbilling/bb-vendor/michelf/php-markdown/Michelf/MarkdownExtra.php on line 671
[31-Aug-2020 13:30:25 UTC] 8192 Array and string offset access syntax with curly braces is deprecated /var/www/vhosts/webbhostingservices.com/httpdocs/boxbilling/bb-vendor/michelf/php-markdown/Michelf/MarkdownExtra.php 680
[31-Aug-2020 13:30:25 UTC] PHP Deprecated:  Array and string offset access syntax with curly braces is deprecated in /var/www/vhosts/webbhostingservices.com/httpdocs/boxbilling/bb-vendor/michelf/php-markdown/Michelf/MarkdownExtra.php on line 680
[31-Aug-2020 13:30:25 UTC] 8192 Array and string offset access syntax with curly braces is deprecated /var/www/vhosts/webbhostingservices.com/httpdocs/boxbilling/bb-vendor/michelf/php-markdown/Michelf/MarkdownExtra.php 681
[31-Aug-2020 13:30:25 UTC] PHP Deprecated:  Array and string offset access syntax with curly braces is deprecated in /var/www/vhosts/webbhostingservices.com/httpdocs/boxbilling/bb-vendor/michelf/php-markdown/Michelf/MarkdownExtra.php on line 681
[31-Aug-2020 13:30:25 UTC] 8192 Array and string offset access syntax with curly braces is deprecated /var/www/vhosts/webbhostingservices.com/httpdocs/boxbilling/bb-vendor/michelf/php-markdown/Michelf/MarkdownExtra.php 1068
[31-Aug-2020 13:30:25 UTC] PHP Deprecated:  Array and string offset access syntax with curly braces is deprecated in /var/www/vhosts/webbhostingservices.com/httpdocs/boxbilling/bb-vendor/michelf/php-markdown/Michelf/MarkdownExtra.php on line 1068
[31-Aug-2020 13:30:25 UTC] 8192 Array and string offset access syntax with curly braces is deprecated /var/www/vhosts/webbhostingservices.com/httpdocs/boxbilling/bb-vendor/michelf/php-markdown/Michelf/MarkdownExtra.php 1463
[31-Aug-2020 13:30:25 UTC] PHP Deprecated:  Array and string offset access syntax with curly braces is deprecated in /var/www/vhosts/webbhostingservices.com/httpdocs/boxbilling/bb-vendor/michelf/php-markdown/Michelf/MarkdownExtra.php on line 1463
[31-Aug-2020 13:30:25 UTC] 8192 Array and string offset access syntax with curly braces is deprecated /var/www/vhosts/webbhostingservices.com/httpdocs/boxbilling/bb-vendor/michelf/php-markdown/Michelf/Markdown.php 948
[31-Aug-2020 13:30:25 UTC] PHP Deprecated:  Array and string offset access syntax with curly braces is deprecated in /var/www/vhosts/webbhostingservices.com/httpdocs/boxbilling/bb-vendor/michelf/php-markdown/Michelf/Markdown.php on line 948
[31-Aug-2020 13:30:25 UTC] 8192 Array and string offset access syntax with curly braces is deprecated /var/www/vhosts/webbhostingservices.com/httpdocs/boxbilling/bb-vendor/michelf/php-markdown/Michelf/Markdown.php 1349
[31-Aug-2020 13:30:25 UTC] PHP Deprecated:  Array and string offset access syntax with curly braces is deprecated in /var/www/vhosts/webbhostingservices.com/httpdocs/boxbilling/bb-vendor/michelf/php-markdown/Michelf/Markdown.php on line 1349
[31-Aug-2020 13:30:25 UTC] 8192 Array and string offset access syntax with curly braces is deprecated /var/www/vhosts/webbhostingservices.com/httpdocs/boxbilling/bb-vendor/michelf/php-markdown/Michelf/Markdown.php 1374
[31-Aug-2020 13:30:25 UTC] PHP Deprecated:  Array and string offset access syntax with curly braces is deprecated in /var/www/vhosts/webbhostingservices.com/httpdocs/boxbilling/bb-vendor/michelf/php-markdown/Michelf/Markdown.php on line 1374
[31-Aug-2020 13:30:25 UTC] 8192 Array and string offset access syntax with curly braces is deprecated /var/www/vhosts/webbhostingservices.com/httpdocs/boxbilling/bb-vendor/michelf/php-markdown/Michelf/Markdown.php 1785
[31-Aug-2020 13:30:25 UTC] PHP Deprecated:  Array and string offset access syntax with curly braces is deprecated in /var/www/vhosts/webbhostingservices.com/httpdocs/boxbilling/bb-vendor/michelf/php-markdown/Michelf/Markdown.php on line 1785
[31-Aug-2020 13:30:25 UTC] 8192 Array and string offset access syntax with curly braces is deprecated /var/www/vhosts/webbhostingservices.com/httpdocs/boxbilling/bb-vendor/michelf/php-markdown/Michelf/Markdown.php 1787
[31-Aug-2020 13:30:25 UTC] PHP Deprecated:  Array and string offset access syntax with curly braces is deprecated in /var/www/vhosts/webbhostingservices.com/httpdocs/boxbilling/bb-vendor/michelf/php-markdown/Michelf/Markdown.php on line 1787
[31-Aug-2020 13:30:25 UTC] 8192 Array and string offset access syntax with curly braces is deprecated /var/www/vhosts/webbhostingservices.com/httpdocs/boxbilling/bb-modules/Theme/Service.php 279
[31-Aug-2020 13:30:25 UTC] PHP Deprecated:  Array and string offset access syntax with curly braces is deprecated in /var/www/vhosts/webbhostingservices.com/httpdocs/boxbilling/bb-modules/Theme/Service.php on line 279
[31-Aug-2020 13:30:28 UTC] 8192 Array and string offset access syntax with curly braces is deprecated /var/www/vhosts/webbhostingservices.com/httpdocs/boxbilling/bb-modules/Theme/Service.php 279
[31-Aug-2020 13:30:28 UTC] PHP Deprecated:  Array and string offset access syntax with curly braces is deprecated in /var/www/vhosts/webbhostingservices.com/httpdocs/boxbilling/bb-modules/Theme/Service.php on line 279
[31-Aug-2020 13:30:28 UTC] 8192 Array and string offset access syntax with curly braces is deprecated /var/www/vhosts/webbhostingservices.com/httpdocs/boxbilling/bb-modules/Theme/Service.php 279
[31-Aug-2020 13:30:28 UTC] PHP Deprecated:  Array and string offset access syntax with curly braces is deprecated in /var/www/vhosts/webbhostingservices.com/httpdocs/boxbilling/bb-modules/Theme/Service.php on line 279
[31-Aug-2020 13:30:30 UTC] 8192 Array and string offset access syntax with curly braces is deprecated /var/www/vhosts/webbhostingservices.com/httpdocs/boxbilling/bb-modules/Theme/Service.php 279
[31-Aug-2020 13:30:30 UTC] PHP Deprecated:  Array and string offset access syntax with curly braces is deprecated in /var/www/vhosts/webbhostingservices.com/httpdocs/boxbilling/bb-modules/Theme/Service.php on line 279
[31-Aug-2020 13:30:30 UTC] 8192 Array and string offset access syntax with curly braces is deprecated /var/www/vhosts/webbhostingservices.com/httpdocs/boxbilling/bb-modules/Theme/Service.php 279
[31-Aug-2020 13:30:30 UTC] PHP Deprecated:  Array and string offset access syntax with curly braces is deprecated in /var/www/vhosts/webbhostingservices.com/httpdocs/boxbilling/bb-modules/Theme/Service.php on line 279
[31-Aug-2020 13:35:01 UTC] PHP Parse error:  syntax error, unexpected 'class' (T_CLASS), expecting identifier (T_STRING) or variable (T_VARIABLE) or '{' or '$' in /var/www/vhosts/webbhostingservices.com/httpdocs/boxbilling/bb-di.php on line 153
[31-Aug-2020 13:40:02 UTC] PHP Parse error:  syntax error, unexpected 'class' (T_CLASS), expecting identifier (T_STRING) or variable (T_VARIABLE) or '{' or '$' in /var/www/vhosts/webbhostingservices.com/httpdocs/boxbilling/bb-di.php on line 153
[31-Aug-2020 13:42:52 UTC] 8192 Array and string offset access syntax with curly braces is deprecated /var/www/vhosts/webbhostingservices.com/httpdocs/boxbilling/bb-modules/Theme/Service.php 279
[31-Aug-2020 13:42:52 UTC] PHP Deprecated:  Array and string offset access syntax with curly braces is deprecated in /var/www/vhosts/webbhostingservices.com/httpdocs/boxbilling/bb-modules/Theme/Service.php on line 279
[31-Aug-2020 13:42:52 UTC] 8192 Array and string offset access syntax with curly braces is deprecated /var/www/vhosts/webbhostingservices.com/httpdocs/boxbilling/bb-modules/Theme/Service.php 279
[31-Aug-2020 13:42:52 UTC] PHP Deprecated:  Array and string offset access syntax with curly braces is deprecated in /var/www/vhosts/webbhostingservices.com/httpdocs/boxbilling/bb-modules/Theme/Service.php on line 279
[31-Aug-2020 13:44:09 UTC] 8192 Array and string offset access syntax with curly braces is deprecated /var/www/vhosts/webbhostingservices.com/httpdocs/boxbilling/bb-vendor/michelf/php-markdown/Michelf/MarkdownExtra.php 209
[31-Aug-2020 13:44:09 UTC] PHP Deprecated:  Array and string offset access syntax with curly braces is deprecated in /var/www/vhosts/webbhostingservices.com/httpdocs/boxbilling/bb-vendor/michelf/php-markdown/Michelf/MarkdownExtra.php on line 209
[31-Aug-2020 13:44:09 UTC] 8192 Array and string offset access syntax with curly braces is deprecated /var/www/vhosts/webbhostingservices.com/httpdocs/boxbilling/bb-vendor/michelf/php-markdown/Michelf/MarkdownExtra.php 211
[31-Aug-2020 13:44:09 UTC] PHP Deprecated:  Array and string offset access syntax with curly braces is deprecated in /var/www/vhosts/webbhostingservices.com/httpdocs/boxbilling/bb-vendor/michelf/php-markdown/Michelf/MarkdownExtra.php on line 211
[31-Aug-2020 13:44:09 UTC] 8192 Array and string offset access syntax with curly braces is deprecated /var/www/vhosts/webbhostingservices.com/httpdocs/boxbilling/bb-vendor/michelf/php-markdown/Michelf/MarkdownExtra.php 505
[31-Aug-2020 13:44:09 UTC] PHP Deprecated:  Array and string offset access syntax with curly braces is deprecated in /var/www/vhosts/webbhostingservices.com/httpdocs/boxbilling/bb-vendor/michelf/php-markdown/Michelf/MarkdownExtra.php on line 505
[31-Aug-2020 13:44:09 UTC] 8192 Array and string offset access syntax with curly braces is deprecated /var/www/vhosts/webbhostingservices.com/httpdocs/boxbilling/bb-vendor/michelf/php-markdown/Michelf/MarkdownExtra.php 505
[31-Aug-2020 13:44:09 UTC] PHP Deprecated:  Array and string offset access syntax with curly braces is deprecated in /var/www/vhosts/webbhostingservices.com/httpdocs/boxbilling/bb-vendor/michelf/php-markdown/Michelf/MarkdownExtra.php on line 505
[31-Aug-2020 13:44:09 UTC] 8192 Array and string offset access syntax with curly braces is deprecated /var/www/vhosts/webbhostingservices.com/httpdocs/boxbilling/bb-vendor/michelf/php-markdown/Michelf/MarkdownExtra.php 512
[31-Aug-2020 13:44:09 UTC] PHP Deprecated:  Array and string offset access syntax with curly braces is deprecated in /var/www/vhosts/webbhostingservices.com/httpdocs/boxbilling/bb-vendor/michelf/php-markdown/Michelf/MarkdownExtra.php on line 512
[31-Aug-2020 13:44:09 UTC] 8192 Array and string offset access syntax with curly braces is deprecated /var/www/vhosts/webbhostingservices.com/httpdocs/boxbilling/bb-vendor/michelf/php-markdown/Michelf/MarkdownExtra.php 546
[31-Aug-2020 13:44:09 UTC] PHP Deprecated:  Array and string offset access syntax with curly braces is deprecated in /var/www/vhosts/webbhostingservices.com/httpdocs/boxbilling/bb-vendor/michelf/php-markdown/Michelf/MarkdownExtra.php on line 546
[31-Aug-2020 13:44:09 UTC] 8192 Array and string offset access syntax with curly braces is deprecated /var/www/vhosts/webbhostingservices.com/httpdocs/boxbilling/bb-vendor/michelf/php-markdown/Michelf/MarkdownExtra.php 546
[31-Aug-2020 13:44:09 UTC] PHP Deprecated:  Array and string offset access syntax with curly braces is deprecated in /var/www/vhosts/webbhostingservices.com/httpdocs/boxbilling/bb-vendor/michelf/php-markdown/Michelf/MarkdownExtra.php on line 546
[31-Aug-2020 13:44:09 UTC] 8192 Array and string offset access syntax with curly braces is deprecated /var/www/vhosts/webbhostingservices.com/httpdocs/boxbilling/bb-vendor/michelf/php-markdown/Michelf/MarkdownExtra.php 561
[31-Aug-2020 13:44:09 UTC] PHP Deprecated:  Array and string offset access syntax with curly braces is deprecated in /var/www/vhosts/webbhostingservices.com/httpdocs/boxbilling/bb-vendor/michelf/php-markdown/Michelf/MarkdownExtra.php on line 561
[31-Aug-2020 13:44:09 UTC] 8192 Array and string offset access syntax with curly braces is deprecated /var/www/vhosts/webbhostingservices.com/httpdocs/boxbilling/bb-vendor/michelf/php-markdown/Michelf/MarkdownExtra.php 562
[31-Aug-2020 13:44:09 UTC] PHP Deprecated:  Array and string offset access syntax with curly braces is deprecated in /var/www/vhosts/webbhostingservices.com/httpdocs/boxbilling/bb-vendor/michelf/php-markdown/Michelf/MarkdownExtra.php on line 562
[31-Aug-2020 13:44:09 UTC] 8192 Array and string offset access syntax with curly braces is deprecated /var/www/vhosts/webbhostingservices.com/httpdocs/boxbilling/bb-vendor/michelf/php-markdown/Michelf/MarkdownExtra.php 661
[31-Aug-2020 13:44:09 UTC] PHP Deprecated:  Array and string offset access syntax with curly braces is deprecated in /var/www/vhosts/webbhostingservices.com/httpdocs/boxbilling/bb-vendor/michelf/php-markdown/Michelf/MarkdownExtra.php on line 661
[31-Aug-2020 13:44:09 UTC] 8192 Array and string offset access syntax with curly braces is deprecated /var/www/vhosts/webbhostingservices.com/httpdocs/boxbilling/bb-vendor/michelf/php-markdown/Michelf/MarkdownExtra.php 671
[31-Aug-2020 13:44:09 UTC] PHP Deprecated:  Array and string offset access syntax with curly braces is deprecated in /var/www/vhosts/webbhostingservices.com/httpdocs/boxbilling/bb-vendor/michelf/php-markdown/Michelf/MarkdownExtra.php on line 671
[31-Aug-2020 13:44:09 UTC] 8192 Array and string offset access syntax with curly braces is deprecated /var/www/vhosts/webbhostingservices.com/httpdocs/boxbilling/bb-vendor/michelf/php-markdown/Michelf/MarkdownExtra.php 671
[31-Aug-2020 13:44:09 UTC] PHP Deprecated:  Array and string offset access syntax with curly braces is deprecated in /var/www/vhosts/webbhostingservices.com/httpdocs/boxbilling/bb-vendor/michelf/php-markdown/Michelf/MarkdownExtra.php on line 671
[31-Aug-2020 13:44:09 UTC] 8192 Array and string offset access syntax with curly braces is deprecated /var/www/vhosts/webbhostingservices.com/httpdocs/boxbilling/bb-vendor/michelf/php-markdown/Michelf/MarkdownExtra.php 680
[31-Aug-2020 13:44:09 UTC] PHP Deprecated:  Array and string offset access syntax with curly braces is deprecated in /var/www/vhosts/webbhostingservices.com/httpdocs/boxbilling/bb-vendor/michelf/php-markdown/Michelf/MarkdownExtra.php on line 680
[31-Aug-2020 13:44:09 UTC] 8192 Array and string offset access syntax with curly braces is deprecated /var/www/vhosts/webbhostingservices.com/httpdocs/boxbilling/bb-vendor/michelf/php-markdown/Michelf/MarkdownExtra.php 681
[31-Aug-2020 13:44:09 UTC] PHP Deprecated:  Array and string offset access syntax with curly braces is deprecated in /var/www/vhosts/webbhostingservices.com/httpdocs/boxbilling/bb-vendor/michelf/php-markdown/Michelf/MarkdownExtra.php on line 681
[31-Aug-2020 13:44:09 UTC] 8192 Array and string offset access syntax with curly braces is deprecated /var/www/vhosts/webbhostingservices.com/httpdocs/boxbilling/bb-vendor/michelf/php-markdown/Michelf/MarkdownExtra.php 1068
[31-Aug-2020 13:44:09 UTC] PHP Deprecated:  Array and string offset access syntax with curly braces is deprecated in /var/www/vhosts/webbhostingservices.com/httpdocs/boxbilling/bb-vendor/michelf/php-markdown/Michelf/MarkdownExtra.php on line 1068
[31-Aug-2020 13:44:09 UTC] 8192 Array and string offset access syntax with curly braces is deprecated /var/www/vhosts/webbhostingservices.com/httpdocs/boxbilling/bb-vendor/michelf/php-markdown/Michelf/MarkdownExtra.php 1463
[31-Aug-2020 13:44:09 UTC] PHP Deprecated:  Array and string offset access syntax with curly braces is deprecated in /var/www/vhosts/webbhostingservices.com/httpdocs/boxbilling/bb-vendor/michelf/php-markdown/Michelf/MarkdownExtra.php on line 1463
[31-Aug-2020 13:44:09 UTC] 8192 Array and string offset access syntax with curly braces is deprecated /var/www/vhosts/webbhostingservices.com/httpdocs/boxbilling/bb-vendor/michelf/php-markdown/Michelf/Markdown.php 948
[31-Aug-2020 13:44:09 UTC] PHP Deprecated:  Array and string offset access syntax with curly braces is deprecated in /var/www/vhosts/webbhostingservices.com/httpdocs/boxbilling/bb-vendor/michelf/php-markdown/Michelf/Markdown.php on line 948
[31-Aug-2020 13:44:09 UTC] 8192 Array and string offset access syntax with curly braces is deprecated /var/www/vhosts/webbhostingservices.com/httpdocs/boxbilling/bb-vendor/michelf/php-markdown/Michelf/Markdown.php 1349
[31-Aug-2020 13:44:09 UTC] PHP Deprecated:  Array and string offset access syntax with curly braces is deprecated in /var/www/vhosts/webbhostingservices.com/httpdocs/boxbilling/bb-vendor/michelf/php-markdown/Michelf/Markdown.php on line 1349
[31-Aug-2020 13:44:09 UTC] 8192 Array and string offset access syntax with curly braces is deprecated /var/www/vhosts/webbhostingservices.com/httpdocs/boxbilling/bb-vendor/michelf/php-markdown/Michelf/Markdown.php 1374
[31-Aug-2020 13:44:09 UTC] PHP Deprecated:  Array and string offset access syntax with curly braces is deprecated in /var/www/vhosts/webbhostingservices.com/httpdocs/boxbilling/bb-vendor/michelf/php-markdown/Michelf/Markdown.php on line 1374
[31-Aug-2020 13:44:09 UTC] 8192 Array and string offset access syntax with curly braces is deprecated /var/www/vhosts/webbhostingservices.com/httpdocs/boxbilling/bb-vendor/michelf/php-markdown/Michelf/Markdown.php 1785
[31-Aug-2020 13:44:09 UTC] PHP Deprecated:  Array and string offset access syntax with curly braces is deprecated in /var/www/vhosts/webbhostingservices.com/httpdocs/boxbilling/bb-vendor/michelf/php-markdown/Michelf/Markdown.php on line 1785
[31-Aug-2020 13:44:09 UTC] 8192 Array and string offset access syntax with curly braces is deprecated /var/www/vhosts/webbhostingservices.com/httpdocs/boxbilling/bb-vendor/michelf/php-markdown/Michelf/Markdown.php 1787
[31-Aug-2020 13:44:09 UTC] PHP Deprecated:  Array and string offset access syntax with curly braces is deprecated in /var/www/vhosts/webbhostingservices.com/httpdocs/boxbilling/bb-vendor/michelf/php-markdown/Michelf/Markdown.php on line 1787
[31-Aug-2020 13:45:01 UTC] PHP Parse error:  syntax error, unexpected 'class' (T_CLASS), expecting identifier (T_STRING) or variable (T_VARIABLE) or '{' or '$' in /var/www/vhosts/webbhostingservices.com/httpdocs/boxbilling/bb-di.php on line 153
[31-Aug-2020 13:50:02 UTC] PHP Parse error:  syntax error, unexpected 'class' (T_CLASS), expecting identifier (T_STRING) or variable (T_VARIABLE) or '{' or '$' in /var/www/vhosts/webbhostingservices.com/httpdocs/boxbilling/bb-di.php on line 153
[31-Aug-2020 13:53:02 UTC] 8192 Function get_magic_quotes_gpc() is deprecated /var/www/vhosts/webbhostingservices.com/httpdocs/boxbilling/bb-library/Box/Requirements.php 80
[31-Aug-2020 13:53:02 UTC] PHP Deprecated:  Function get_magic_quotes_gpc() is deprecated in /var/www/vhosts/webbhostingservices.com/httpdocs/boxbilling/bb-library/Box/Requirements.php on line 80
[31-Aug-2020 13:53:13 UTC] <?xml version="1.0"?>
<packet><server><get><stat/></get></server></packet>

[31-Aug-2020 13:53:13 UTC] 2 count(): Parameter must be an array or an object that implements Countable /var/www/vhosts/webbhostingservices.com/httpdocs/boxbilling/bb-library/Server/Manager/Plesk.php 602
[31-Aug-2020 13:53:13 UTC] PHP Warning:  count(): Parameter must be an array or an object that implements Countable in /var/www/vhosts/webbhostingservices.com/httpdocs/boxbilling/bb-library/Server/Manager/Plesk.php on line 602
[31-Aug-2020 13:53:15 UTC] Connection to server failed 0
[31-Aug-2020 13:55:02 UTC] PHP Parse error:  syntax error, unexpected 'class' (T_CLASS), expecting identifier (T_STRING) or variable (T_VARIABLE) or '{' or '$' in /var/www/vhosts/webbhostingservices.com/httpdocs/boxbilling/bb-di.php on line 153
[31-Aug-2020 14:00:01 UTC] PHP Parse error:  syntax error, unexpected 'class' (T_CLASS), expecting identifier (T_STRING) or variable (T_VARIABLE) or '{' or '$' in /var/www/vhosts/webbhostingservices.com/httpdocs/boxbilling/bb-di.php on line 153
[31-Aug-2020 14:05:02 UTC] PHP Parse error:  syntax error, unexpected 'class' (T_CLASS), expecting identifier (T_STRING) or variable (T_VARIABLE) or '{' or '$' in /var/www/vhosts/webbhostingservices.com/httpdocs/boxbilling/bb-di.php on line 153
[31-Aug-2020 14:10:01 UTC] PHP Parse error:  syntax error, unexpected 'class' (T_CLASS), expecting identifier (T_STRING) or variable (T_VARIABLE) or '{' or '$' in /var/www/vhosts/webbhostingservices.com/httpdocs/boxbilling/bb-di.php on line 153
[31-Aug-2020 14:15:01 UTC] PHP Parse error:  syntax error, unexpected 'class' (T_CLASS), expecting identifier (T_STRING) or variable (T_VARIABLE) or '{' or '$' in /var/www/vhosts/webbhostingservices.com/httpdocs/boxbilling/bb-di.php on line 153
[31-Aug-2020 14:20:01 UTC] PHP Parse error:  syntax error, unexpected 'class' (T_CLASS), expecting identifier (T_STRING) or variable (T_VARIABLE) or '{' or '$' in /var/www/vhosts/webbhostingservices.com/httpdocs/boxbilling/bb-di.php on line 153
[31-Aug-2020 14:25:01 UTC] PHP Parse error:  syntax error, unexpected 'class' (T_CLASS), expecting identifier (T_STRING) or variable (T_VARIABLE) or '{' or '$' in /var/www/vhosts/webbhostingservices.com/httpdocs/boxbilling/bb-di.php on line 153
[31-Aug-2020 14:30:02 UTC] PHP Parse error:  syntax error, unexpected 'class' (T_CLASS), expecting identifier (T_STRING) or variable (T_VARIABLE) or '{' or '$' in /var/www/vhosts/webbhostingservices.com/httpdocs/boxbilling/bb-di.php on line 153
[31-Aug-2020 14:35:01 UTC] PHP Parse error:  syntax error, unexpected 'class' (T_CLASS), expecting identifier (T_STRING) or variable (T_VARIABLE) or '{' or '$' in /var/www/vhosts/webbhostingservices.com/httpdocs/boxbilling/bb-di.php on line 153
[31-Aug-2020 14:40:02 UTC] PHP Parse error:  syntax error, unexpected 'class' (T_CLASS), expecting identifier (T_STRING) or variable (T_VARIABLE) or '{' or '$' in /var/www/vhosts/webbhostingservices.com/httpdocs/boxbilling/bb-di.php on line 153
[31-Aug-2020 14:45:02 UTC] PHP Parse error:  syntax error, unexpected 'class' (T_CLASS), expecting identifier (T_STRING) or variable (T_VARIABLE) or '{' or '$' in /var/www/vhosts/webbhostingservices.com/httpdocs/boxbilling/bb-di.php on line 153
[31-Aug-2020 14:50:01 UTC] PHP Parse error:  syntax error, unexpected 'class' (T_CLASS), expecting identifier (T_STRING) or variable (T_VARIABLE) or '{' or '$' in /var/www/vhosts/webbhostingservices.com/httpdocs/boxbilling/bb-di.php on line 153
[31-Aug-2020 14:55:02 UTC] PHP Parse error:  syntax error, unexpected 'class' (T_CLASS), expecting identifier (T_STRING) or variable (T_VARIABLE) or '{' or '$' in /var/www/vhosts/webbhostingservices.com/httpdocs/boxbilling/bb-di.php on line 153
[31-Aug-2020 15:00:01 UTC] PHP Parse error:  syntax error, unexpected 'class' (T_CLASS), expecting identifier (T_STRING) or variable (T_VARIABLE) or '{' or '$' in /var/www/vhosts/webbhostingservices.com/httpdocs/boxbilling/bb-di.php on line 153
[31-Aug-2020 15:05:01 UTC] PHP Parse error:  syntax error, unexpected 'class' (T_CLASS), expecting identifier (T_STRING) or variable (T_VARIABLE) or '{' or '$' in /var/www/vhosts/webbhostingservices.com/httpdocs/boxbilling/bb-di.php on line 153
[31-Aug-2020 15:10:01 UTC] PHP Parse error:  syntax error, unexpected 'class' (T_CLASS), expecting identifier (T_STRING) or variable (T_VARIABLE) or '{' or '$' in /var/www/vhosts/webbhostingservices.com/httpdocs/boxbilling/bb-di.php on line 153
[31-Aug-2020 15:15:01 UTC] PHP Parse error:  syntax error, unexpected 'class' (T_CLASS), expecting identifier (T_STRING) or variable (T_VARIABLE) or '{' or '$' in /var/www/vhosts/webbhostingservices.com/httpdocs/boxbilling/bb-di.php on line 153
[31-Aug-2020 15:19:28 UTC] 8192 Function get_magic_quotes_gpc() is deprecated /var/www/vhosts/webbhostingservices.com/httpdocs/boxbilling/bb-library/Box/Requirements.php 80
[31-Aug-2020 15:19:28 UTC] PHP Deprecated:  Function get_magic_quotes_gpc() is deprecated in /var/www/vhosts/webbhostingservices.com/httpdocs/boxbilling/bb-library/Box/Requirements.php on line 80
[31-Aug-2020 15:19:28 UTC] 
[31-Aug-2020 15:19:33 UTC] <?xml version="1.0"?>
<packet><server><get><stat/></get></server></packet>

[31-Aug-2020 15:19:33 UTC] 2 count(): Parameter must be an array or an object that implements Countable /var/www/vhosts/webbhostingservices.com/httpdocs/boxbilling/bb-library/Server/Manager/Plesk.php 602
[31-Aug-2020 15:19:33 UTC] PHP Warning:  count(): Parameter must be an array or an object that implements Countable in /var/www/vhosts/webbhostingservices.com/httpdocs/boxbilling/bb-library/Server/Manager/Plesk.php on line 602
[31-Aug-2020 15:19:36 UTC] Connection to server failed 0
[31-Aug-2020 15:20:02 UTC] PHP Parse error:  syntax error, unexpected 'class' (T_CLASS), expecting identifier (T_STRING) or variable (T_VARIABLE) or '{' or '$' in /var/www/vhosts/webbhostingservices.com/httpdocs/boxbilling/bb-di.php on line 153
[31-Aug-2020 15:24:54 UTC] 8 Trying to access array offset on value of type null /var/www/vhosts/webbhostingservices.com/httpdocs/boxbilling/bb-library/Box/Log.php 123
[31-Aug-2020 15:24:54 UTC] PHP Notice:  Trying to access array offset on value of type null in /var/www/vhosts/webbhostingservices.com/httpdocs/boxbilling/bb-library/Box/Log.php on line 123
[31-Aug-2020 15:24:54 UTC] 8 Trying to access array offset on value of type null /var/www/vhosts/webbhostingservices.com/httpdocs/boxbilling/bb-library/Box/Log.php 123
[31-Aug-2020 15:24:54 UTC] PHP Notice:  Trying to access array offset on value of type null in /var/www/vhosts/webbhostingservices.com/httpdocs/boxbilling/bb-library/Box/Log.php on line 123
[31-Aug-2020 15:25:01 UTC] PHP Parse error:  syntax error, unexpected 'class' (T_CLASS), expecting identifier (T_STRING) or variable (T_VARIABLE) or '{' or '$' in /var/www/vhosts/webbhostingservices.com/httpdocs/boxbilling/bb-di.php on line 153
[31-Aug-2020 15:28:55 UTC] 8192 Function get_magic_quotes_gpc() is deprecated /var/www/vhosts/webbhostingservices.com/httpdocs/boxbilling/bb-library/Box/Requirements.php 80
[31-Aug-2020 15:28:55 UTC] PHP Deprecated:  Function get_magic_quotes_gpc() is deprecated in /var/www/vhosts/webbhostingservices.com/httpdocs/boxbilling/bb-library/Box/Requirements.php on line 80
[31-Aug-2020 15:29:02 UTC] <?xml version="1.0"?>
<packet><server><get><stat/></get></server></packet>

[31-Aug-2020 15:29:02 UTC] 2 count(): Parameter must be an array or an object that implements Countable /var/www/vhosts/webbhostingservices.com/httpdocs/boxbilling/bb-library/Server/Manager/Plesk.php 602
[31-Aug-2020 15:29:02 UTC] PHP Warning:  count(): Parameter must be an array or an object that implements Countable in /var/www/vhosts/webbhostingservices.com/httpdocs/boxbilling/bb-library/Server/Manager/Plesk.php on line 602
[31-Aug-2020 15:29:04 UTC] Connection to server failed 0
[31-Aug-2020 15:30:02 UTC] PHP Parse error:  syntax error, unexpected 'class' (T_CLASS), expecting identifier (T_STRING) or variable (T_VARIABLE) or '{' or '$' in /var/www/vhosts/webbhostingservices.com/httpdocs/boxbilling/bb-di.php on line 153
[31-Aug-2020 15:30:05 UTC] <?xml version="1.0"?>
<packet><server><get><stat/></get></server></packet>

[31-Aug-2020 15:30:08 UTC] Connection to server failed 0
[31-Aug-2020 15:35:01 UTC] PHP Parse error:  syntax error, unexpected 'class' (T_CLASS), expecting identifier (T_STRING) or variable (T_VARIABLE) or '{' or '$' in /var/www/vhosts/webbhostingservices.com/httpdocs/boxbilling/bb-di.php on line 153
[31-Aug-2020 15:40:02 UTC] PHP Parse error:  syntax error, unexpected 'class' (T_CLASS), expecting identifier (T_STRING) or variable (T_VARIABLE) or '{' or '$' in /var/www/vhosts/webbhostingservices.com/httpdocs/boxbilling/bb-di.php on line 153
[31-Aug-2020 16:00:01 UTC] PHP Parse error:  syntax error, unexpected 'class' (T_CLASS), expecting identifier (T_STRING) or variable (T_VARIABLE) or '{' or '$' in /var/www/vhosts/webbhostingservices.com/httpdocs/boxbilling/bb-di.php on line 153
